[15:30:20] Initializing components...
[15:30:20] Phase 1: Ingesting real failures...
[15:30:27]   Progress: 100 real failures processed, saving checkpoint...
[15:30:36]   Progress: 200 real failures processed, saving checkpoint...
[15:30:48]   Progress: 300 real failures processed, saving checkpoint...
[15:31:11]   Progress: 400 real failures processed, saving checkpoint...
[15:31:38]   Progress: 500 real failures processed, saving checkpoint...
[15:31:40]   Progress: 600 real failures processed, saving checkpoint...
[15:31:57]   Progress: 700 real failures processed, saving checkpoint...
[15:31:58]   Progress: 800 real failures processed, saving checkpoint...
[15:31:59]   Progress: 900 real failures processed, saving checkpoint...
[15:32:05]   Progress: 1000 real failures processed, saving checkpoint...
[15:32:10]   Progress: 1100 real failures processed, saving checkpoint...
[15:32:10]   Ingested 1123 real failures
[15:32:10]   Saving 1123 real failures to disk...
[15:32:10] Phase 2: generating 17427 examples using 39 workers via processes in 273 chunks of up to 64
[15:32:14]   Chunk 11/273 complete: 64/64 examples in 4.2s (64/17427 accepted, 80 attempted, 16 verify fails, ETA 19.9 min)
[15:32:15]   Chunk 39/273 complete: 64/64 examples in 4.6s (128/17427 accepted, 172 attempted, 44 verify fails, ETA 10.8 min)
[15:32:15]   Chunk 7/273 complete: 64/64 examples in 4.8s (192/17427 accepted, 266 attempted, 73 verify fails, ETA 7.4 min)
[15:32:15]   Chunk 25/273 complete: 64/64 examples in 4.8s (256/17427 accepted, 357 attempted, 99 verify fails, ETA 5.6 min)
[15:32:15]   Chunk 31/273 complete: 64/64 examples in 4.8s (320/17427 accepted, 443 attempted, 121 verify fails, ETA 4.5 min)
[15:32:16]   Chunk 32/273 complete: 64/64 examples in 5.3s (384/17427 accepted, 526 attempted, 140 verify fails, ETA 4.1 min)
[15:32:16]   Chunk 22/273 complete: 64/64 examples in 5.5s (448/17427 accepted, 613 attempted, 163 verify fails, ETA 3.6 min)
[15:32:16]   Chunk 36/273 complete: 64/64 examples in 5.7s (512/17427 accepted, 697 attempted, 183 verify fails, ETA 3.2 min)
[15:32:16]   Chunk 5/273 complete: 64/64 examples in 5.9s (576/17427 accepted, 777 attempted, 198 verify fails, ETA 3.1 min)
[15:32:16]   Chunk 16/273 complete: 64/64 examples in 5.9s (640/17427 accepted, 872 attempted, 229 verify fails, ETA 2.8 min)
[15:32:16]   Chunk 18/273 complete: 64/64 examples in 5.9s (704/17427 accepted, 954 attempted, 247 verify fails, ETA 2.5 min)
[15:32:16]   Chunk 13/273 complete: 64/64 examples in 6.1s (768/17427 accepted, 1043 attempted, 271 verify fails, ETA 2.3 min)
[15:32:16]   Chunk 24/273 complete: 64/64 examples in 6.1s (832/17427 accepted, 1126 attempted, 290 verify fails, ETA 2.1 min)
[15:32:16]   Chunk 8/273 complete: 64/64 examples in 6.2s (896/17427 accepted, 1213 attempted, 313 verify fails, ETA 2.0 min)
[15:32:16]   Chunk 35/273 complete: 64/64 examples in 6.2s (960/17427 accepted, 1307 attempted, 343 verify fails, ETA 1.8 min)
[15:32:17]   Chunk 29/273 complete: 64/64 examples in 6.2s (1024/17427 accepted, 1399 attempted, 371 verify fails, ETA 1.8 min)
[15:32:17]   Chunk 19/273 complete: 64/64 examples in 6.3s (1088/17427 accepted, 1479 attempted, 387 verify fails, ETA 1.8 min)
[15:32:17]   Chunk 2/273 complete: 64/64 examples in 6.3s (1152/17427 accepted, 1569 attempted, 413 verify fails, ETA 1.7 min)
[15:32:17]   Chunk 3/273 complete: 64/64 examples in 6.8s (1216/17427 accepted, 1655 attempted, 435 verify fails, ETA 1.6 min)
[15:32:17]   Chunk 6/273 complete: 64/64 examples in 7.0s (1280/17427 accepted, 1740 attempted, 456 verify fails, ETA 1.5 min)
[15:32:17]   Chunk 21/273 complete: 64/64 examples in 6.9s (1344/17427 accepted, 1833 attempted, 485 verify fails, ETA 1.4 min)
[15:32:17]   Chunk 1/273 complete: 64/64 examples in 7.2s (1408/17427 accepted, 1919 attempted, 507 verify fails, ETA 1.4 min)
[15:32:17]   Chunk 40/273 complete: 64/64 examples in 2.9s (1472/17427 accepted, 2009 attempted, 533 verify fails, ETA 1.3 min)
[15:32:18]   Chunk 17/273 complete: 64/64 examples in 7.2s (1536/17427 accepted, 2095 attempted, 555 verify fails, ETA 1.3 min)
[15:32:18]   Chunk 34/273 complete: 64/64 examples in 7.6s (1600/17427 accepted, 2167 attempted, 563 verify fails, ETA 1.3 min)
[15:32:18]   Chunk 30/273 complete: 64/64 examples in 7.6s (1664/17427 accepted, 2254 attempted, 585 verify fails, ETA 1.3 min)
[15:32:18]   Chunk 23/273 complete: 64/64 examples in 8.0s (1728/17427 accepted, 2336 attempted, 603 verify fails, ETA 1.2 min)
[15:32:18]   Chunk 38/273 complete: 64/64 examples in 8.0s (1792/17427 accepted, 2411 attempted, 614 verify fails, ETA 1.2 min)
[15:32:18]   Chunk 27/273 complete: 64/64 examples in 8.0s (1856/17427 accepted, 2494 attempted, 633 verify fails, ETA 1.2 min)
[15:32:18]   Chunk 14/273 complete: 64/64 examples in 8.2s (1920/17427 accepted, 2571 attempted, 646 verify fails, ETA 1.1 min)
[15:32:19]   Chunk 4/273 complete: 64/64 examples in 8.6s (1984/17427 accepted, 2665 attempted, 676 verify fails, ETA 1.1 min)
[15:32:19]   Chunk 44/273 complete: 64/64 examples in 3.7s (2048/17427 accepted, 2752 attempted, 699 verify fails, ETA 1.1 min)
[15:32:20]   Chunk 49/273 complete: 64/64 examples in 2.9s (2112/17427 accepted, 2837 attempted, 720 verify fails, ETA 1.2 min)
[15:32:20]   Chunk 41/273 complete: 64/64 examples in 4.5s (2176/17427 accepted, 2919 attempted, 738 verify fails, ETA 1.2 min)
[15:32:20]   Chunk 37/273 complete: 64/64 examples in 9.2s (2240/17427 accepted, 3011 attempted, 765 verify fails, ETA 1.1 min)
[15:32:20]   Chunk 47/273 complete: 64/64 examples in 3.7s (2304/17427 accepted, 3095 attempted, 785 verify fails, ETA 1.1 min)
[15:32:20]   Chunk 33/273 complete: 64/64 examples in 9.6s (2368/17427 accepted, 3176 attempted, 801 verify fails, ETA 1.1 min)
[15:32:20]   Chunk 43/273 complete: 64/64 examples in 4.8s (2432/17427 accepted, 3264 attempted, 825 verify fails, ETA 1.0 min)
[15:32:20]   Chunk 48/273 complete: 64/64 examples in 3.8s (2496/17427 accepted, 3348 attempted, 844 verify fails, ETA 1.0 min)
[15:32:20]   Chunk 45/273 complete: 64/64 examples in 4.5s (2560/17427 accepted, 3428 attempted, 858 verify fails, ETA 1.0 min)
[15:32:21]   Chunk 52/273 complete: 64/64 examples in 3.7s (2624/17427 accepted, 3511 attempted, 877 verify fails, ETA 1.0 min)
[15:32:21]   Chunk 12/273 complete: 64/64 examples in 10.1s (2688/17427 accepted, 3596 attempted, 897 verify fails, ETA 1.0 min)
[15:32:21]   Chunk 53/273 complete: 64/64 examples in 3.8s (2752/17427 accepted, 3682 attempted, 918 verify fails, ETA 1.0 min)
[15:32:21]   Chunk 62/273 complete: 64/64 examples in 2.8s (2816/17427 accepted, 3764 attempted, 935 verify fails, ETA 0.9 min)
[15:32:21]   Chunk 65/273 complete: 64/64 examples in 2.4s (2880/17427 accepted, 3852 attempted, 959 verify fails, ETA 0.9 min)
[15:32:21]   Chunk 51/273 complete: 64/64 examples in 4.0s (2944/17427 accepted, 3940 attempted, 983 verify fails, ETA 0.9 min)
[15:32:21]   Chunk 10/273 complete: 64/64 examples in 10.3s (3008/17427 accepted, 4023 attempted, 1002 verify fails, ETA 0.9 min)
[15:32:22]   Chunk 55/273 complete: 64/64 examples in 4.0s (3072/17427 accepted, 4099 attempted, 1013 verify fails, ETA 0.9 min)
[15:32:22]   Chunk 26/273 complete: 64/64 examples in 10.3s (3136/17427 accepted, 4183 attempted, 1033 verify fails, ETA 0.9 min)
[15:32:22]   Chunk 59/273 complete: 64/64 examples in 3.6s (3200/17427 accepted, 4271 attempted, 1056 verify fails, ETA 0.9 min)
[15:32:22]   Chunk 20/273 complete: 64/64 examples in 10.6s (3264/17427 accepted, 4358 attempted, 1079 verify fails, ETA 0.8 min)
[15:32:22]   Chunk 46/273 complete: 64/64 examples in 5.4s (3328/17427 accepted, 4437 attempted, 1094 verify fails, ETA 0.8 min)
[15:32:22]   Chunk 68/273 complete: 64/64 examples in 2.8s (3392/17427 accepted, 4523 attempted, 1116 verify fails, ETA 0.8 min)
[15:32:22]   Chunk 42/273 complete: 64/64 examples in 6.1s (3456/17427 accepted, 4607 attempted, 1136 verify fails, ETA 0.8 min)
[15:32:22]   Chunk 60/273 complete: 64/64 examples in 4.0s (3520/17427 accepted, 4704 attempted, 1168 verify fails, ETA 0.8 min)
[15:32:23]   Chunk 28/273 complete: 64/64 examples in 11.2s (3584/17427 accepted, 4795 attempted, 1195 verify fails, ETA 0.8 min)
[15:32:23]   Chunk 63/273 complete: 64/64 examples in 4.0s (3648/17427 accepted, 4885 attempted, 1221 verify fails, ETA 0.8 min)
[15:32:23]   Chunk 72/273 complete: 64/64 examples in 2.8s (3712/17427 accepted, 4974 attempted, 1246 verify fails, ETA 0.8 min)
[15:32:23]   Chunk 71/273 complete: 64/64 examples in 3.1s (3776/17427 accepted, 5056 attempted, 1264 verify fails, ETA 0.8 min)
[15:32:23]   Chunk 64/273 complete: 64/64 examples in 4.1s (3840/17427 accepted, 5142 attempted, 1286 verify fails, ETA 0.7 min)
[15:32:23]   Chunk 15/273 complete: 64/64 examples in 11.7s (3904/17427 accepted, 5227 attempted, 1307 verify fails, ETA 0.7 min)
[15:32:23]   Chunk 66/273 complete: 64/64 examples in 3.7s (3968/17427 accepted, 5315 attempted, 1331 verify fails, ETA 0.7 min)
[15:32:23]   Chunk 70/273 complete: 64/64 examples in 3.3s (4032/17427 accepted, 5408 attempted, 1360 verify fails, ETA 0.7 min)
[15:32:24]   Chunk 61/273 complete: 64/64 examples in 4.9s (4096/17427 accepted, 5494 attempted, 1382 verify fails, ETA 0.7 min)
[15:32:24]   Chunk 69/273 complete: 64/64 examples in 3.9s (4160/17427 accepted, 5582 attempted, 1405 verify fails, ETA 0.7 min)
[15:32:24]   Chunk 78/273 complete: 64/64 examples in 2.5s (4224/17427 accepted, 5664 attempted, 1423 verify fails, ETA 0.7 min)
[15:32:24]   Chunk 83/273 complete: 64/64 examples in 2.3s (4288/17427 accepted, 5763 attempted, 1458 verify fails, ETA 0.7 min)
[15:32:24]   Chunk 58/273 complete: 64/64 examples in 5.7s (4352/17427 accepted, 5858 attempted, 1489 verify fails, ETA 0.7 min)
[15:32:24]   Chunk 85/273 complete: 64/64 examples in 2.4s (4416/17427 accepted, 5940 attempted, 1507 verify fails, ETA 0.7 min)
[15:32:24]   Chunk 79/273 complete: 64/64 examples in 2.7s (4480/17427 accepted, 6019 attempted, 1522 verify fails, ETA 0.7 min)
[15:32:24]   Chunk 57/273 complete: 64/64 examples in 6.4s (4544/17427 accepted, 6113 attempted, 1552 verify fails, ETA 0.6 min)
[15:32:25]   Chunk 74/273 complete: 64/64 examples in 3.7s (4608/17427 accepted, 6192 attempted, 1566 verify fails, ETA 0.7 min)
[15:32:25]   Chunk 88/273 complete: 64/64 examples in 2.6s (4672/17427 accepted, 6269 attempted, 1579 verify fails, ETA 0.7 min)
[15:32:25]   Chunk 73/273 complete: 64/64 examples in 4.4s (4736/17427 accepted, 6356 attempted, 1601 verify fails, ETA 0.7 min)
[15:32:25]   Chunk 92/273 complete: 64/64 examples in 2.6s (4800/17427 accepted, 6447 attempted, 1628 verify fails, ETA 0.7 min)
[15:32:25]   Chunk 80/273 complete: 64/64 examples in 3.7s (4864/17427 accepted, 6537 attempted, 1654 verify fails, ETA 0.6 min)
[15:32:25]   Chunk 89/273 complete: 64/64 examples in 3.3s (4928/17427 accepted, 6623 attempted, 1676 verify fails, ETA 0.6 min)
[15:32:25]   Chunk 87/273 complete: 64/64 examples in 3.4s (4992/17427 accepted, 6704 attempted, 1693 verify fails, ETA 0.6 min)
[15:32:25]   Chunk 54/273 complete: 64/64 examples in 7.6s (5056/17427 accepted, 6789 attempted, 1714 verify fails, ETA 0.6 min)
[15:32:27]   Chunk 76/273 complete: 64/64 examples in 4.7s (5120/17427 accepted, 6877 attempted, 1738 verify fails, ETA 0.7 min)
[15:32:27]   Chunk 91/273 complete: 64/64 examples in 3.5s (5184/17427 accepted, 6957 attempted, 1754 verify fails, ETA 0.7 min)
[15:32:27]   Chunk 101/273 complete: 64/64 examples in 2.6s (5248/17427 accepted, 7043 attempted, 1776 verify fails, ETA 0.6 min)
[15:32:27]   Chunk 67/273 complete: 64/64 examples in 6.7s (5312/17427 accepted, 7126 attempted, 1795 verify fails, ETA 0.6 min)
[15:32:27]   Chunk 105/273 complete: 64/64 examples in 2.6s (5376/17427 accepted, 7215 attempted, 1820 verify fails, ETA 0.6 min)
[15:32:27]   Chunk 82/273 complete: 64/64 examples in 4.7s (5440/17427 accepted, 7301 attempted, 1842 verify fails, ETA 0.6 min)
[15:32:27]   Chunk 100/273 complete: 64/64 examples in 3.1s (5504/17427 accepted, 7390 attempted, 1867 verify fails, ETA 0.6 min)
[15:32:29]   Chunk 94/273 complete: 64/64 examples in 4.0s (5568/17427 accepted, 7477 attempted, 1890 verify fails, ETA 0.7 min)
[15:32:29]   Chunk 99/273 complete: 64/64 examples in 3.4s (5632/17427 accepted, 7573 attempted, 1922 verify fails, ETA 0.6 min)
[15:32:29]   Chunk 104/273 complete: 64/64 examples in 3.0s (5696/17427 accepted, 7654 attempted, 1939 verify fails, ETA 0.6 min)
[15:32:29]   Chunk 95/273 complete: 64/64 examples in 4.0s (5760/17427 accepted, 7730 attempted, 1951 verify fails, ETA 0.6 min)
[15:32:29]   Chunk 50/273 complete: 64/64 examples in 9.3s (5824/17427 accepted, 7806 attempted, 1963 verify fails, ETA 0.6 min)
[15:32:29]   Chunk 9/273 complete: 64/64 examples in 15.3s (5888/17427 accepted, 7889 attempted, 1982 verify fails, ETA 0.6 min)
[15:32:29]   Chunk 77/273 complete: 64/64 examples in 5.8s (5952/17427 accepted, 7978 attempted, 2007 verify fails, ETA 0.6 min)
[15:32:29]   Chunk 109/273 complete: 64/64 examples in 2.9s (6016/17427 accepted, 8062 attempted, 2027 verify fails, ETA 0.6 min)
[15:32:30]   Chunk 98/273 complete: 64/64 examples in 4.1s (6080/17427 accepted, 8158 attempted, 2057 verify fails, ETA 0.6 min)
[15:32:30]   Chunk 112/273 complete: 64/64 examples in 3.0s (6144/17427 accepted, 8240 attempted, 2075 verify fails, ETA 0.6 min)
[15:32:30]   Chunk 111/273 complete: 64/64 examples in 3.4s (6208/17427 accepted, 8323 attempted, 2093 verify fails, ETA 0.6 min)
[15:32:30]   Chunk 106/273 complete: 64/64 examples in 4.1s (6272/17427 accepted, 8402 attempted, 2108 verify fails, ETA 0.6 min)
[15:32:30]   Chunk 107/273 complete: 64/64 examples in 4.1s (6336/17427 accepted, 8490 attempted, 2131 verify fails, ETA 0.6 min)
[15:32:31]   Chunk 93/273 complete: 64/64 examples in 6.5s (6400/17427 accepted, 8579 attempted, 2156 verify fails, ETA 0.6 min)
[15:32:31]   Chunk 108/273 complete: 64/64 examples in 4.9s (6464/17427 accepted, 8660 attempted, 2173 verify fails, ETA 0.6 min)
[15:32:31]   Chunk 119/273 complete: 64/64 examples in 3.3s (6528/17427 accepted, 8742 attempted, 2191 verify fails, ETA 0.6 min)
[15:32:32]   Chunk 103/273 complete: 64/64 examples in 5.6s (6592/17427 accepted, 8828 attempted, 2212 verify fails, ETA 0.6 min)
[15:32:32]   Chunk 75/273 complete: 64/64 examples in 8.4s (6656/17427 accepted, 8919 attempted, 2239 verify fails, ETA 0.6 min)
[15:32:32]   Chunk 116/273 complete: 64/64 examples in 4.1s (6720/17427 accepted, 9016 attempted, 2272 verify fails, ETA 0.6 min)
[15:32:32]   Chunk 113/273 complete: 64/64 examples in 4.6s (6784/17427 accepted, 9105 attempted, 2296 verify fails, ETA 0.6 min)
[15:32:32]   Chunk 117/273 complete: 64/64 examples in 4.2s (6848/17427 accepted, 9188 attempted, 2315 verify fails, ETA 0.6 min)
[15:32:32]   Chunk 124/273 complete: 64/64 examples in 3.3s (6912/17427 accepted, 9274 attempted, 2337 verify fails, ETA 0.6 min)
[15:32:32]   Chunk 122/273 complete: 64/64 examples in 3.6s (6976/17427 accepted, 9351 attempted, 2350 verify fails, ETA 0.5 min)
[15:32:32]   Chunk 121/273 complete: 64/64 examples in 3.9s (7040/17427 accepted, 9431 attempted, 2366 verify fails, ETA 0.5 min)
[15:32:34]   Chunk 81/273 complete: 64/64 examples in 8.4s (7104/17427 accepted, 9516 attempted, 2387 verify fails, ETA 0.6 min)
[15:32:34]   Chunk 84/273 complete: 64/64 examples in 8.6s (7168/17427 accepted, 9592 attempted, 2399 verify fails, ETA 0.6 min)
[15:32:34]   Chunk 90/273 complete: 64/64 examples in 8.1s (7232/17427 accepted, 9686 attempted, 2429 verify fails, ETA 0.6 min)
[15:32:34]   Chunk 56/273 complete: 64/64 examples in 12.5s (7296/17427 accepted, 9772 attempted, 2451 verify fails, ETA 0.5 min)
[15:32:34]   Chunk 115/273 complete: 64/64 examples in 5.4s (7360/17427 accepted, 9858 attempted, 2473 verify fails, ETA 0.5 min)
[15:32:34]   Chunk 97/273 complete: 64/64 examples in 7.5s (7424/17427 accepted, 9948 attempted, 2499 verify fails, ETA 0.5 min)
[15:32:34]   Chunk 133/273 complete: 64/64 examples in 3.7s (7488/17427 accepted, 10035 attempted, 2522 verify fails, ETA 0.5 min)
[15:32:34]   Chunk 127/273 complete: 64/64 examples in 4.2s (7552/17427 accepted, 10119 attempted, 2542 verify fails, ETA 0.5 min)
[15:32:35]   Chunk 130/273 complete: 64/64 examples in 4.2s (7616/17427 accepted, 10205 attempted, 2564 verify fails, ETA 0.5 min)
[15:32:35]   Chunk 102/273 complete: 64/64 examples in 7.6s (7680/17427 accepted, 10289 attempted, 2583 verify fails, ETA 0.5 min)
[15:32:35]   Chunk 120/273 complete: 64/64 examples in 5.3s (7744/17427 accepted, 10380 attempted, 2610 verify fails, ETA 0.5 min)
[15:32:35]   Chunk 129/273 complete: 64/64 examples in 4.8s (7808/17427 accepted, 10470 attempted, 2636 verify fails, ETA 0.5 min)
[15:32:35]   Chunk 96/273 complete: 64/64 examples in 8.9s (7872/17427 accepted, 10565 attempted, 2666 verify fails, ETA 0.5 min)
[15:32:35]   Chunk 125/273 complete: 64/64 examples in 5.4s (7936/17427 accepted, 10650 attempted, 2686 verify fails, ETA 0.5 min)
[15:32:35]   Chunk 138/273 complete: 64/64 examples in 3.5s (8000/17427 accepted, 10731 attempted, 2703 verify fails, ETA 0.5 min)
[15:32:37]   Chunk 114/273 complete: 64/64 examples in 7.0s (8064/17427 accepted, 10813 attempted, 2721 verify fails, ETA 0.5 min)
[15:32:37]   Chunk 136/273 complete: 64/64 examples in 4.4s (8128/17427 accepted, 10899 attempted, 2742 verify fails, ETA 0.5 min)
[15:32:37]   Chunk 132/273 complete: 64/64 examples in 5.4s (8192/17427 accepted, 10980 attempted, 2759 verify fails, ETA 0.5 min)
[15:32:37]   Chunk 139/273 complete: 64/64 examples in 3.7s (8256/17427 accepted, 11070 attempted, 2785 verify fails, ETA 0.5 min)
[15:32:37]   Chunk 145/273 complete: 64/64 examples in 3.2s (8320/17427 accepted, 11165 attempted, 2816 verify fails, ETA 0.5 min)
[15:32:37]   Chunk 131/273 complete: 64/64 examples in 6.1s (8384/17427 accepted, 11246 attempted, 2832 verify fails, ETA 0.5 min)
[15:32:37]   Chunk 140/273 complete: 64/64 examples in 3.8s (8448/17427 accepted, 11326 attempted, 2848 verify fails, ETA 0.5 min)
[15:32:37]   Chunk 134/273 complete: 64/64 examples in 5.5s (8512/17427 accepted, 11411 attempted, 2869 verify fails, ETA 0.5 min)
[15:32:39]   Chunk 137/273 complete: 64/64 examples in 5.0s (8576/17427 accepted, 11492 attempted, 2886 verify fails, ETA 0.5 min)
[15:32:39]   Chunk 142/273 complete: 64/64 examples in 4.0s (8640/17427 accepted, 11583 attempted, 2913 verify fails, ETA 0.5 min)
[15:32:39]   Chunk 126/273 complete: 64/64 examples in 6.7s (8704/17427 accepted, 11669 attempted, 2935 verify fails, ETA 0.5 min)
[15:32:39]   Chunk 144/273 complete: 64/64 examples in 3.8s (8768/17427 accepted, 11746 attempted, 2948 verify fails, ETA 0.5 min)
[15:32:39]   Chunk 150/273 complete: 64/64 examples in 3.4s (8832/17427 accepted, 11826 attempted, 2963 verify fails, ETA 0.5 min)
[15:32:39]   Chunk 123/273 complete: 64/64 examples in 7.1s (8896/17427 accepted, 11904 attempted, 2977 verify fails, ETA 0.5 min)
[15:32:39]   Chunk 141/273 complete: 64/64 examples in 4.3s (8960/17427 accepted, 11992 attempted, 3000 verify fails, ETA 0.5 min)
[15:32:39]   Chunk 153/273 complete: 64/64 examples in 3.2s (9024/17427 accepted, 12084 attempted, 3027 verify fails, ETA 0.4 min)
[15:32:41]   Chunk 146/273 complete: 64/64 examples in 4.1s (9088/17427 accepted, 12161 attempted, 3040 verify fails, ETA 0.5 min)
[15:32:41]   Chunk 157/273 complete: 64/64 examples in 2.8s (9152/17427 accepted, 12239 attempted, 3053 verify fails, ETA 0.5 min)
[15:32:41]   Chunk 128/273 complete: 64/64 examples in 7.1s (9216/17427 accepted, 12315 attempted, 3065 verify fails, ETA 0.5 min)
[15:32:41]   Chunk 86/273 complete: 64/64 examples in 12.1s (9280/17427 accepted, 12399 attempted, 3085 verify fails, ETA 0.5 min)
[15:32:41]   Chunk 154/273 complete: 64/64 examples in 3.4s (9344/17427 accepted, 12493 attempted, 3115 verify fails, ETA 0.4 min)
[15:32:41]   Chunk 147/273 complete: 64/64 examples in 4.4s (9408/17427 accepted, 12574 attempted, 3132 verify fails, ETA 0.4 min)
[15:32:41]   Chunk 143/273 complete: 64/64 examples in 4.7s (9472/17427 accepted, 12652 attempted, 3146 verify fails, ETA 0.4 min)
[15:32:41]   Chunk 155/273 complete: 64/64 examples in 3.7s (9536/17427 accepted, 12740 attempted, 3170 verify fails, ETA 0.4 min)
[15:32:44]   Chunk 161/273 complete: 64/64 examples in 2.9s (9600/17427 accepted, 12823 attempted, 3189 verify fails, ETA 0.5 min)
[15:32:44]   Chunk 152/273 complete: 64/64 examples in 4.1s (9664/17427 accepted, 12904 attempted, 3205 verify fails, ETA 0.5 min)
[15:32:44]   Chunk 159/273 complete: 64/64 examples in 3.8s (9728/17427 accepted, 12998 attempted, 3235 verify fails, ETA 0.4 min)
[15:32:44]   Chunk 164/273 complete: 64/64 examples in 3.3s (9792/17427 accepted, 13084 attempted, 3256 verify fails, ETA 0.4 min)
[15:32:44]   Chunk 167/273 complete: 64/64 examples in 2.8s (9856/17427 accepted, 13167 attempted, 3275 verify fails, ETA 0.4 min)
[15:32:44]   Chunk 170/273 complete: 64/64 examples in 2.6s (9920/17427 accepted, 13251 attempted, 3295 verify fails, ETA 0.4 min)
[15:32:44]   Chunk 163/273 complete: 64/64 examples in 3.8s (9984/17427 accepted, 13332 attempted, 3312 verify fails, ETA 0.4 min)
[15:32:44]   Chunk 165/273 complete: 64/64 examples in 3.5s (10048/17427 accepted, 13416 attempted, 3332 verify fails, ETA 0.4 min)
[15:32:46]   Chunk 169/273 complete: 64/64 examples in 2.9s (10112/17427 accepted, 13508 attempted, 3360 verify fails, ETA 0.4 min)
[15:32:46]   Chunk 172/273 complete: 64/64 examples in 2.8s (10176/17427 accepted, 13602 attempted, 3390 verify fails, ETA 0.4 min)
[15:32:46]   Chunk 149/273 complete: 64/64 examples in 5.8s (10240/17427 accepted, 13685 attempted, 3409 verify fails, ETA 0.4 min)
[15:32:46]   Chunk 148/273 complete: 64/64 examples in 5.9s (10304/17427 accepted, 13768 attempted, 3428 verify fails, ETA 0.4 min)
[15:32:46]   Chunk 158/273 complete: 64/64 examples in 5.0s (10368/17427 accepted, 13854 attempted, 3450 verify fails, ETA 0.4 min)
[15:32:46]   Chunk 174/273 complete: 64/64 examples in 2.6s (10432/17427 accepted, 13936 attempted, 3468 verify fails, ETA 0.4 min)
[15:32:46]   Chunk 151/273 complete: 64/64 examples in 5.7s (10496/17427 accepted, 14021 attempted, 3489 verify fails, ETA 0.4 min)
[15:32:46]   Chunk 118/273 complete: 64/64 examples in 10.7s (10560/17427 accepted, 14104 attempted, 3508 verify fails, ETA 0.4 min)
[15:32:46]   Chunk 166/273 complete: 64/64 examples in 3.9s (10624/17427 accepted, 14196 attempted, 3535 verify fails, ETA 0.4 min)
[15:32:46]   Chunk 173/273 complete: 64/64 examples in 3.0s (10688/17427 accepted, 14284 attempted, 3559 verify fails, ETA 0.4 min)
[15:32:46]   Chunk 183/273 complete: 64/64 examples in 2.8s (10752/17427 accepted, 14377 attempted, 3587 verify fails, ETA 0.4 min)
[15:32:46]   Chunk 175/273 complete: 64/64 examples in 3.5s (10816/17427 accepted, 14456 attempted, 3602 verify fails, ETA 0.4 min)
[15:32:46]   Chunk 171/273 complete: 64/64 examples in 4.1s (10880/17427 accepted, 14539 attempted, 3621 verify fails, ETA 0.4 min)
[15:32:46]   Chunk 185/273 complete: 64/64 examples in 3.1s (10944/17427 accepted, 14633 attempted, 3651 verify fails, ETA 0.4 min)
[15:32:46]   Chunk 182/273 complete: 64/64 examples in 3.4s (11008/17427 accepted, 14729 attempted, 3683 verify fails, ETA 0.4 min)
[15:32:47]   Chunk 162/273 complete: 64/64 examples in 5.6s (11072/17427 accepted, 14812 attempted, 3702 verify fails, ETA 0.4 min)
[15:32:47]   Chunk 181/273 complete: 64/64 examples in 3.6s (11136/17427 accepted, 14900 attempted, 3726 verify fails, ETA 0.3 min)
[15:32:47]   Chunk 177/273 complete: 64/64 examples in 4.0s (11200/17427 accepted, 14992 attempted, 3754 verify fails, ETA 0.3 min)
[15:32:47]   Chunk 135/273 complete: 64/64 examples in 9.9s (11264/17427 accepted, 15080 attempted, 3778 verify fails, ETA 0.3 min)
[15:32:47]   Chunk 190/273 complete: 64/64 examples in 3.0s (11328/17427 accepted, 15170 attempted, 3804 verify fails, ETA 0.3 min)
[15:32:47]   Chunk 192/273 complete: 64/64 examples in 2.5s (11392/17427 accepted, 15254 attempted, 3824 verify fails, ETA 0.3 min)
[15:32:47]   Chunk 180/273 complete: 64/64 examples in 4.0s (11456/17427 accepted, 15343 attempted, 3849 verify fails, ETA 0.3 min)
[15:32:47]   Chunk 178/273 complete: 64/64 examples in 4.1s (11520/17427 accepted, 15431 attempted, 3872 verify fails, ETA 0.3 min)
[15:32:48]   Chunk 179/273 complete: 64/64 examples in 4.1s (11584/17427 accepted, 15520 attempted, 3897 verify fails, ETA 0.3 min)
[15:32:48]   Chunk 188/273 complete: 64/64 examples in 3.3s (11648/17427 accepted, 15602 attempted, 3915 verify fails, ETA 0.3 min)
[15:32:48]   Chunk 193/273 complete: 64/64 examples in 2.6s (11712/17427 accepted, 15684 attempted, 3933 verify fails, ETA 0.3 min)
[15:32:48]   Chunk 191/273 complete: 64/64 examples in 3.0s (11776/17427 accepted, 15770 attempted, 3955 verify fails, ETA 0.3 min)
[15:32:48]   Chunk 196/273 complete: 64/64 examples in 2.4s (11840/17427 accepted, 15850 attempted, 3971 verify fails, ETA 0.3 min)
[15:32:48]   Chunk 156/273 complete: 64/64 examples in 7.3s (11904/17427 accepted, 15935 attempted, 3992 verify fails, ETA 0.3 min)
[15:32:48]   Chunk 187/273 complete: 64/64 examples in 4.5s (11968/17427 accepted, 16015 attempted, 4008 verify fails, ETA 0.3 min)
[15:32:48]   Chunk 110/273 complete: 64/64 examples in 14.3s (12032/17427 accepted, 16099 attempted, 4028 verify fails, ETA 0.3 min)
[15:32:49]   Chunk 199/273 complete: 64/64 examples in 2.9s (12096/17427 accepted, 16179 attempted, 4044 verify fails, ETA 0.3 min)
[15:32:49]   Chunk 202/273 complete: 64/64 examples in 2.7s (12160/17427 accepted, 16265 attempted, 4066 verify fails, ETA 0.3 min)
[15:32:49]   Chunk 206/273 complete: 64/64 examples in 2.9s (12224/17427 accepted, 16344 attempted, 4081 verify fails, ETA 0.3 min)
[15:32:49]   Chunk 194/273 complete: 64/64 examples in 3.7s (12288/17427 accepted, 16434 attempted, 4107 verify fails, ETA 0.3 min)
[15:32:49]   Chunk 204/273 complete: 64/64 examples in 3.1s (12352/17427 accepted, 16513 attempted, 4122 verify fails, ETA 0.3 min)
[15:32:49]   Chunk 197/273 complete: 64/64 examples in 3.7s (12416/17427 accepted, 16604 attempted, 4148 verify fails, ETA 0.3 min)
[15:32:49]   Chunk 160/273 complete: 64/64 examples in 8.2s (12480/17427 accepted, 16694 attempted, 4174 verify fails, ETA 0.3 min)
[15:32:49]   Chunk 189/273 complete: 64/64 examples in 5.0s (12544/17427 accepted, 16784 attempted, 4200 verify fails, ETA 0.2 min)
[15:32:49]   Chunk 207/273 complete: 64/64 examples in 2.9s (12608/17427 accepted, 16864 attempted, 4216 verify fails, ETA 0.2 min)
[15:32:49]   Chunk 200/273 complete: 64/64 examples in 4.2s (12672/17427 accepted, 16949 attempted, 4236 verify fails, ETA 0.2 min)
[15:32:49]   Chunk 209/273 complete: 64/64 examples in 2.9s (12736/17427 accepted, 17035 attempted, 4258 verify fails, ETA 0.2 min)
[15:32:49]   Chunk 215/273 complete: 64/64 examples in 2.8s (12800/17427 accepted, 17115 attempted, 4273 verify fails, ETA 0.2 min)
[15:32:49]   Chunk 186/273 complete: 64/64 examples in 6.2s (12864/17427 accepted, 17197 attempted, 4290 verify fails, ETA 0.2 min)
[15:32:49]   Chunk 211/273 complete: 64/64 examples in 3.1s (12928/17427 accepted, 17287 attempted, 4315 verify fails, ETA 0.2 min)
[15:32:49]   Chunk 184/273 complete: 64/64 examples in 6.7s (12992/17427 accepted, 17377 attempted, 4341 verify fails, ETA 0.2 min)
[15:32:49]   Chunk 195/273 complete: 64/64 examples in 5.1s (13056/17427 accepted, 17464 attempted, 4363 verify fails, ETA 0.2 min)
[15:32:50]   Chunk 203/273 complete: 64/64 examples in 4.8s (13120/17427 accepted, 17565 attempted, 4400 verify fails, ETA 0.2 min)
[15:32:50]   Chunk 217/273 complete: 64/64 examples in 3.2s (13184/17427 accepted, 17653 attempted, 4423 verify fails, ETA 0.2 min)
[15:32:50]   Chunk 168/273 complete: 64/64 examples in 8.2s (13248/17427 accepted, 17745 attempted, 4451 verify fails, ETA 0.2 min)
[15:32:50]   Chunk 223/273 complete: 64/64 examples in 3.0s (13312/17427 accepted, 17835 attempted, 4477 verify fails, ETA 0.2 min)
[15:32:50]   Chunk 224/273 complete: 64/64 examples in 3.0s (13376/17427 accepted, 17919 attempted, 4497 verify fails, ETA 0.2 min)
[15:32:50]   Chunk 210/273 complete: 64/64 examples in 4.2s (13440/17427 accepted, 18006 attempted, 4520 verify fails, ETA 0.2 min)
[15:32:50]   Chunk 212/273 complete: 64/64 examples in 3.9s (13504/17427 accepted, 18086 attempted, 4536 verify fails, ETA 0.2 min)
[15:32:51]   Chunk 222/273 complete: 64/64 examples in 3.7s (13568/17427 accepted, 18171 attempted, 4557 verify fails, ETA 0.2 min)
[15:32:51]   Chunk 225/273 complete: 64/64 examples in 3.5s (13632/17427 accepted, 18255 attempted, 4577 verify fails, ETA 0.2 min)
[15:32:51]   Chunk 216/273 complete: 64/64 examples in 4.1s (13696/17427 accepted, 18340 attempted, 4598 verify fails, ETA 0.2 min)
[15:32:51]   Chunk 231/273 complete: 64/64 examples in 2.5s (13760/17427 accepted, 18422 attempted, 4616 verify fails, ETA 0.2 min)
[15:32:51]   Chunk 229/273 complete: 64/64 examples in 3.3s (13824/17427 accepted, 18512 attempted, 4642 verify fails, ETA 0.2 min)
[15:32:51]   Chunk 226/273 complete: 64/64 examples in 3.6s (13888/17427 accepted, 18608 attempted, 4674 verify fails, ETA 0.2 min)
[15:32:51]   Chunk 219/273 complete: 64/64 examples in 4.6s (13952/17427 accepted, 18687 attempted, 4689 verify fails, ETA 0.2 min)
[15:32:51]   Chunk 218/273 complete: 64/64 examples in 5.0s (14016/17427 accepted, 18773 attempted, 4711 verify fails, ETA 0.2 min)
[15:32:52]   Chunk 235/273 complete: 64/64 examples in 3.2s (14080/17427 accepted, 18871 attempted, 4745 verify fails, ETA 0.2 min)
[15:32:52]   Chunk 227/273 complete: 64/64 examples in 4.2s (14144/17427 accepted, 18964 attempted, 4772 verify fails, ETA 0.2 min)
[15:32:52]   Chunk 234/273 complete: 64/64 examples in 3.8s (14208/17427 accepted, 19041 attempted, 4785 verify fails, ETA 0.2 min)
[15:32:52]   Chunk 239/273 complete: 64/64 examples in 3.3s (14272/17427 accepted, 19118 attempted, 4798 verify fails, ETA 0.2 min)
[15:32:52]   Chunk 176/273 complete: 64/64 examples in 10.4s (14336/17427 accepted, 19205 attempted, 4821 verify fails, ETA 0.1 min)
[15:32:52]   Chunk 240/273 complete: 64/64 examples in 3.9s (14400/17427 accepted, 19294 attempted, 4846 verify fails, ETA 0.1 min)
[15:32:52]   Chunk 213/273 complete: 64/64 examples in 7.0s (14464/17427 accepted, 19378 attempted, 4866 verify fails, ETA 0.1 min)
[15:32:52]   Chunk 246/273 complete: 64/64 examples in 3.5s (14528/17427 accepted, 19457 attempted, 4881 verify fails, ETA 0.1 min)
[15:32:53]   Chunk 238/273 complete: 64/64 examples in 4.5s (14592/17427 accepted, 19549 attempted, 4909 verify fails, ETA 0.1 min)
[15:32:53]   Chunk 242/273 complete: 64/64 examples in 3.9s (14656/17427 accepted, 19640 attempted, 4936 verify fails, ETA 0.1 min)
[15:32:53]   Chunk 233/273 complete: 64/64 examples in 5.3s (14720/17427 accepted, 19728 attempted, 4960 verify fails, ETA 0.1 min)
[15:32:53]   Chunk 248/273 complete: 64/64 examples in 3.6s (14784/17427 accepted, 19806 attempted, 4974 verify fails, ETA 0.1 min)
[15:32:53]   Chunk 254/273 complete: 64/64 examples in 3.1s (14848/17427 accepted, 19891 attempted, 4995 verify fails, ETA 0.1 min)
[15:32:53]   Chunk 249/273 complete: 64/64 examples in 3.6s (14912/17427 accepted, 19977 attempted, 5017 verify fails, ETA 0.1 min)
[15:32:53]   Chunk 251/273 complete: 64/64 examples in 3.6s (14976/17427 accepted, 20060 attempted, 5036 verify fails, ETA 0.1 min)
[15:32:53]   Chunk 241/273 complete: 64/64 examples in 4.9s (15040/17427 accepted, 20148 attempted, 5060 verify fails, ETA 0.1 min)
[15:32:53]   Chunk 236/273 complete: 64/64 examples in 5.7s (15104/17427 accepted, 20238 attempted, 5085 verify fails, ETA 0.1 min)
[15:32:53]   Chunk 201/273 complete: 64/64 examples in 9.5s (15168/17427 accepted, 20321 attempted, 5104 verify fails, ETA 0.1 min)
[15:32:53]   Chunk 205/273 complete: 64/64 examples in 9.2s (15232/17427 accepted, 20406 attempted, 5125 verify fails, ETA 0.1 min)
[15:32:53]   Chunk 244/273 complete: 64/64 examples in 4.6s (15296/17427 accepted, 20493 attempted, 5148 verify fails, ETA 0.1 min)
[15:32:53]   Chunk 243/273 complete: 64/64 examples in 4.8s (15360/17427 accepted, 20581 attempted, 5172 verify fails, ETA 0.1 min)
[15:32:53]   Chunk 257/273 complete: 64/64 examples in 3.3s (15424/17427 accepted, 20668 attempted, 5195 verify fails, ETA 0.1 min)
[15:32:53]   Chunk 247/273 complete: 64/64 examples in 4.9s (15488/17427 accepted, 20760 attempted, 5223 verify fails, ETA 0.1 min)
[15:32:53]   Chunk 221/273 complete: 64/64 examples in 8.1s (15552/17427 accepted, 20838 attempted, 5237 verify fails, ETA 0.1 min)
[15:32:54]   Chunk 250/273 complete: 64/64 examples in 4.7s (15616/17427 accepted, 20934 attempted, 5269 verify fails, ETA 0.1 min)
[15:32:54]   Chunk 208/273 complete: 64/64 examples in 9.5s (15680/17427 accepted, 21015 attempted, 5286 verify fails, ETA 0.1 min)
[15:32:54]   Chunk 252/273 complete: 64/64 examples in 4.9s (15744/17427 accepted, 21100 attempted, 5307 verify fails, ETA 0.1 min)
[15:32:54]   Chunk 258/273 complete: 64/64 examples in 3.8s (15808/17427 accepted, 21182 attempted, 5325 verify fails, ETA 0.1 min)
[15:32:54]   Chunk 237/273 complete: 64/64 examples in 6.6s (15872/17427 accepted, 21273 attempted, 5352 verify fails, ETA 0.1 min)
[15:32:54]   Chunk 261/273 complete: 64/64 examples in 3.2s (15936/17427 accepted, 21354 attempted, 5368 verify fails, ETA 0.1 min)
[15:32:54]   Chunk 262/273 complete: 64/64 examples in 3.3s (16000/17427 accepted, 21438 attempted, 5388 verify fails, ETA 0.1 min)
[15:32:55]   Chunk 264/273 complete: 64/64 examples in 2.4s (16064/17427 accepted, 21512 attempted, 5398 verify fails, ETA 0.1 min)
[15:32:55]   Chunk 214/273 complete: 64/64 examples in 9.4s (16128/17427 accepted, 21592 attempted, 5414 verify fails, ETA 0.1 min)
[15:32:55]   Chunk 260/273 complete: 64/64 examples in 4.1s (16192/17427 accepted, 21674 attempted, 5431 verify fails, ETA 0.1 min)
[15:32:55]   Chunk 263/273 complete: 64/64 examples in 3.1s (16256/17427 accepted, 21756 attempted, 5449 verify fails, ETA 0.1 min)
[15:32:55]   Chunk 198/273 complete: 64/64 examples in 11.3s (16320/17427 accepted, 21837 attempted, 5466 verify fails, ETA 0.1 min)
[15:32:55]   Chunk 220/273 complete: 64/64 examples in 9.4s (16384/17427 accepted, 21920 attempted, 5485 verify fails, ETA 0.0 min)
[15:32:55]   Chunk 273/273 complete: 19/19 examples in 1.9s (16403/17427 accepted, 21948 attempted, 5494 verify fails, ETA 0.0 min)
[15:32:55]   Chunk 265/273 complete: 64/64 examples in 2.7s (16467/17427 accepted, 22034 attempted, 5516 verify fails, ETA 0.0 min)
[15:32:55]   Chunk 272/273 complete: 64/64 examples in 2.3s (16531/17427 accepted, 22128 attempted, 5546 verify fails, ETA 0.0 min)
[15:32:56]   Chunk 266/273 complete: 64/64 examples in 2.8s (16595/17427 accepted, 22205 attempted, 5559 verify fails, ETA 0.0 min)
[15:32:56]   Chunk 256/273 complete: 64/64 examples in 5.0s (16659/17427 accepted, 22287 attempted, 5577 verify fails, ETA 0.0 min)
[15:32:56]   Chunk 268/273 complete: 64/64 examples in 2.8s (16723/17427 accepted, 22362 attempted, 5588 verify fails, ETA 0.0 min)
[15:32:56]   Chunk 269/273 complete: 64/64 examples in 2.8s (16787/17427 accepted, 22452 attempted, 5614 verify fails, ETA 0.0 min)
[15:32:56]   Chunk 271/273 complete: 64/64 examples in 2.6s (16851/17427 accepted, 22530 attempted, 5628 verify fails, ETA 0.0 min)
[15:32:56]   Chunk 232/273 complete: 64/64 examples in 8.5s (16915/17427 accepted, 22613 attempted, 5646 verify fails, ETA 0.0 min)
[15:32:56]   Chunk 228/273 complete: 64/64 examples in 10.2s (16979/17427 accepted, 22703 attempted, 5672 verify fails, ETA 0.0 min)
[15:32:56]   Chunk 253/273 complete: 64/64 examples in 8.7s (17043/17427 accepted, 22799 attempted, 5704 verify fails, ETA 0.0 min)
[15:32:57]   Chunk 259/273 complete: 64/64 examples in 8.2s (17107/17427 accepted, 22885 attempted, 5726 verify fails, ETA 0.0 min)
[15:32:57]   Chunk 230/273 complete: 64/64 examples in 12.6s (17171/17427 accepted, 22965 attempted, 5742 verify fails, ETA 0.0 min)
[15:32:57]   Chunk 255/273 complete: 64/64 examples in 9.7s (17235/17427 accepted, 23046 attempted, 5759 verify fails, ETA 0.0 min)
[15:32:57]   Chunk 267/273 complete: 64/64 examples in 7.5s (17299/17427 accepted, 23134 attempted, 5783 verify fails, ETA 0.0 min)
[15:32:57]   Chunk 270/273 complete: 64/64 examples in 8.1s (17363/17427 accepted, 23221 attempted, 5806 verify fails, ETA 0.0 min)
[15:32:57]   Chunk 245/273 complete: 64/64 examples in 14.9s (17427/17427 accepted, 23300 attempted, 5821 verify fails, ETA 0.0 min)
[15:32:59]   Generated 17427 synthetic examples
[15:33:00] Phase 3: Loading deterministic repairs...
[15:33:02]   Loaded 3 deterministic-fix examples
[15:33:02] Phase 4: generating 3600 examples using 39 workers via processes in 57 chunks of up to 64
[15:34:35]   Chunk 24/57 complete: 5/64 examples in 92.7s (5/3600 accepted, 2560 attempted, 0 verify fails, ETA 1113.1 min)
[15:34:36]   Chunk 18/57 complete: 5/64 examples in 93.4s (10/3600 accepted, 5120 attempted, 0 verify fails, ETA 560.5 min)
[15:34:42]   Chunk 19/57 complete: 5/64 examples in 100.0s (15/3600 accepted, 7680 attempted, 0 verify fails, ETA 399.4 min)
[15:34:43]   Chunk 4/57 complete: 5/64 examples in 100.3s (20/3600 accepted, 10240 attempted, 0 verify fails, ETA 299.9 min)
[15:34:43]   Chunk 29/57 complete: 5/64 examples in 100.8s (25/3600 accepted, 12800 attempted, 0 verify fails, ETA 240.7 min)
[15:34:46]   Chunk 35/57 complete: 5/64 examples in 103.2s (30/3600 accepted, 15360 attempted, 0 verify fails, ETA 205.1 min)
[15:34:46]   Chunk 31/57 complete: 5/64 examples in 103.4s (35/3600 accepted, 17920 attempted, 0 verify fails, ETA 176.0 min)
[15:34:46]   Chunk 16/57 complete: 5/64 examples in 104.0s (40/3600 accepted, 20480 attempted, 0 verify fails, ETA 154.7 min)
[15:34:47]   Chunk 1/57 complete: 5/64 examples in 104.1s (45/3600 accepted, 23040 attempted, 0 verify fails, ETA 137.4 min)
[15:34:47]   Chunk 7/57 complete: 5/64 examples in 104.2s (50/3600 accepted, 25600 attempted, 0 verify fails, ETA 123.5 min)
[15:34:47]   Chunk 22/57 complete: 5/64 examples in 104.8s (55/3600 accepted, 28160 attempted, 0 verify fails, ETA 112.9 min)
[15:34:48]   Chunk 33/57 complete: 5/64 examples in 105.2s (60/3600 accepted, 30720 attempted, 0 verify fails, ETA 103.7 min)
[15:34:48]   Chunk 3/57 complete: 5/64 examples in 105.9s (65/3600 accepted, 33280 attempted, 0 verify fails, ETA 96.2 min)
[15:34:50]   Chunk 30/57 complete: 5/64 examples in 107.7s (70/3600 accepted, 35840 attempted, 0 verify fails, ETA 90.8 min)
[15:34:51]   Chunk 6/57 complete: 5/64 examples in 108.4s (75/3600 accepted, 38400 attempted, 0 verify fails, ETA 85.1 min)
[15:34:51]   Chunk 28/57 complete: 5/64 examples in 108.8s (80/3600 accepted, 40960 attempted, 0 verify fails, ETA 80.0 min)
[15:34:52]   Chunk 13/57 complete: 5/64 examples in 109.6s (85/3600 accepted, 43520 attempted, 0 verify fails, ETA 75.7 min)
[15:34:53]   Chunk 2/57 complete: 5/64 examples in 110.2s (90/3600 accepted, 46080 attempted, 0 verify fails, ETA 71.8 min)
[15:34:53]   Chunk 11/57 complete: 5/64 examples in 110.2s (95/3600 accepted, 48640 attempted, 0 verify fails, ETA 67.9 min)
[15:34:53]   Chunk 25/57 complete: 5/64 examples in 110.5s (100/3600 accepted, 51200 attempted, 0 verify fails, ETA 64.6 min)
[15:34:53]   Chunk 12/57 complete: 5/64 examples in 110.6s (105/3600 accepted, 53760 attempted, 0 verify fails, ETA 61.5 min)
[15:34:54]   Chunk 37/57 complete: 5/64 examples in 111.3s (110/3600 accepted, 56320 attempted, 0 verify fails, ETA 59.0 min)
[15:34:54]   Chunk 14/57 complete: 5/64 examples in 111.8s (115/3600 accepted, 58880 attempted, 0 verify fails, ETA 56.6 min)
[15:34:54]   Chunk 32/57 complete: 5/64 examples in 112.0s (120/3600 accepted, 61440 attempted, 0 verify fails, ETA 54.3 min)
[15:34:58]   Chunk 39/57 complete: 5/64 examples in 115.7s (125/3600 accepted, 64000 attempted, 0 verify fails, ETA 53.7 min)
[15:34:58]   Chunk 5/57 complete: 5/64 examples in 115.8s (130/3600 accepted, 66560 attempted, 0 verify fails, ETA 51.6 min)
[15:34:58]   Chunk 17/57 complete: 5/64 examples in 115.8s (135/3600 accepted, 69120 attempted, 0 verify fails, ETA 49.6 min)
[15:34:59]   Chunk 36/57 complete: 5/64 examples in 116.7s (140/3600 accepted, 71680 attempted, 0 verify fails, ETA 48.1 min)
[15:35:00]   Chunk 38/57 complete: 5/64 examples in 117.5s (145/3600 accepted, 74240 attempted, 0 verify fails, ETA 46.8 min)
[15:35:00]   Chunk 27/57 complete: 5/64 examples in 117.8s (150/3600 accepted, 76800 attempted, 0 verify fails, ETA 45.2 min)
[15:35:00]   Chunk 8/57 complete: 5/64 examples in 117.9s (155/3600 accepted, 79360 attempted, 0 verify fails, ETA 43.7 min)
[15:35:00]   Chunk 21/57 complete: 5/64 examples in 118.0s (160/3600 accepted, 81920 attempted, 0 verify fails, ETA 42.4 min)
[15:35:01]   Chunk 34/57 complete: 5/64 examples in 118.2s (165/3600 accepted, 84480 attempted, 0 verify fails, ETA 41.1 min)
[15:35:01]   Chunk 15/57 complete: 5/64 examples in 118.4s (170/3600 accepted, 87040 attempted, 0 verify fails, ETA 39.9 min)
[15:35:01]   Chunk 23/57 complete: 5/64 examples in 119.1s (175/3600 accepted, 89600 attempted, 0 verify fails, ETA 38.9 min)
[15:35:01]   Chunk 9/57 complete: 5/64 examples in 119.2s (180/3600 accepted, 92160 attempted, 0 verify fails, ETA 37.8 min)
[15:35:02]   Chunk 26/57 complete: 5/64 examples in 119.2s (185/3600 accepted, 94720 attempted, 0 verify fails, ETA 36.7 min)
[15:35:03]   Chunk 10/57 complete: 5/64 examples in 120.5s (190/3600 accepted, 97280 attempted, 0 verify fails, ETA 36.1 min)
[15:35:04]   Chunk 20/57 complete: 5/64 examples in 121.2s (195/3600 accepted, 99840 attempted, 0 verify fails, ETA 35.3 min)
[15:35:07]   Chunk 57/57 complete: 5/16 examples in 14.3s (200/3600 accepted, 100480 attempted, 0 verify fails, ETA 35.3 min)
[15:35:24]   Chunk 53/57 complete: 5/64 examples in 33.4s (205/3600 accepted, 103040 attempted, 0 verify fails, ETA 39.1 min)
[15:35:24]   Chunk 40/57 complete: 5/64 examples in 48.9s (210/3600 accepted, 105600 attempted, 0 verify fails, ETA 38.1 min)
[15:35:24]   Chunk 51/57 complete: 5/64 examples in 36.3s (215/3600 accepted, 108160 attempted, 0 verify fails, ETA 37.2 min)
[15:35:24]   Chunk 41/57 complete: 5/64 examples in 48.3s (220/3600 accepted, 110720 attempted, 0 verify fails, ETA 36.4 min)
[15:35:25]   Chunk 46/57 complete: 5/64 examples in 38.8s (225/3600 accepted, 113280 attempted, 0 verify fails, ETA 35.6 min)
[15:35:25]   Chunk 49/57 complete: 5/64 examples in 38.6s (230/3600 accepted, 115840 attempted, 0 verify fails, ETA 34.9 min)
[15:35:25]   Chunk 54/57 complete: 5/64 examples in 34.4s (235/3600 accepted, 118400 attempted, 0 verify fails, ETA 34.1 min)
[15:35:25]   Chunk 45/57 complete: 5/64 examples in 39.7s (240/3600 accepted, 120960 attempted, 0 verify fails, ETA 33.4 min)
[15:35:25]   Chunk 43/57 complete: 5/64 examples in 42.6s (245/3600 accepted, 123520 attempted, 0 verify fails, ETA 32.7 min)
[15:35:25]   Chunk 44/57 complete: 5/64 examples in 42.2s (250/3600 accepted, 126080 attempted, 0 verify fails, ETA 32.0 min)
[15:35:26]   Chunk 42/57 complete: 5/64 examples in 43.2s (255/3600 accepted, 128640 attempted, 0 verify fails, ETA 31.4 min)
[15:35:26]   Chunk 55/57 complete: 5/64 examples in 34.5s (260/3600 accepted, 131200 attempted, 0 verify fails, ETA 30.7 min)
[15:35:26]   Chunk 50/57 complete: 5/64 examples in 38.8s (265/3600 accepted, 133760 attempted, 0 verify fails, ETA 30.2 min)
[15:35:26]   Chunk 48/57 complete: 5/64 examples in 39.6s (270/3600 accepted, 136320 attempted, 0 verify fails, ETA 29.6 min)
[15:35:26]   Chunk 47/57 complete: 5/64 examples in 39.8s (275/3600 accepted, 138880 attempted, 0 verify fails, ETA 29.0 min)
[15:35:26]   Chunk 52/57 complete: 5/64 examples in 38.2s (280/3600 accepted, 141440 attempted, 0 verify fails, ETA 28.5 min)
[15:35:27]   Chunk 56/57 complete: 5/64 examples in 35.1s (285/3600 accepted, 144000 attempted, 0 verify fails, ETA 28.1 min)
[15:35:28]   Generated 285 contrastive examples
[15:35:29] Phase 5: Deduplicating...
[15:35:29]   Dedup preprocessing in parallel with 16 workers
[15:37:19]   Dedup progress: 1000/18838 processed, 980 kept, 20 removed, ETA 32.9 min
[15:38:34]   Dedup progress: 2000/18838 processed, 1903 kept, 97 removed, ETA 26.0 min
[15:39:41]   Dedup progress: 3000/18838 processed, 2784 kept, 216 removed, ETA 22.2 min
[15:40:57]   Dedup progress: 4000/18838 processed, 3667 kept, 333 removed, ETA 20.3 min
[15:42:05]   Dedup progress: 5000/18838 processed, 4517 kept, 483 removed, ETA 18.3 min
[15:43:10]   Dedup progress: 6000/18838 processed, 5348 kept, 652 removed, ETA 16.4 min
[15:44:16]   Dedup progress: 7000/18838 processed, 6187 kept, 813 removed, ETA 14.9 min
[15:45:22]   Dedup progress: 8000/18838 processed, 7004 kept, 996 removed, ETA 13.4 min
[15:46:28]   Dedup progress: 9000/18838 processed, 7849 kept, 1151 removed, ETA 12.0 min
[15:47:37]   Dedup progress: 10000/18838 processed, 8669 kept, 1331 removed, ETA 10.7 min
[15:48:47]   Dedup progress: 11000/18838 processed, 9493 kept, 1507 removed, ETA 9.5 min
[15:49:53]   Dedup progress: 12000/18838 processed, 10296 kept, 1704 removed, ETA 8.2 min
[15:50:57]   Dedup progress: 13000/18838 processed, 11072 kept, 1928 removed, ETA 6.9 min
[15:52:04]   Dedup progress: 14000/18838 processed, 11853 kept, 2147 removed, ETA 5.7 min
[15:53:07]   Dedup progress: 15000/18838 processed, 12645 kept, 2355 removed, ETA 4.5 min
[15:54:11]   Dedup progress: 16000/18838 processed, 13390 kept, 2610 removed, ETA 3.3 min
[15:55:14]   Dedup progress: 17000/18838 processed, 14154 kept, 2846 removed, ETA 2.1 min
[15:56:17]   Dedup progress: 18000/18838 processed, 14906 kept, 3094 removed, ETA 1.0 min
[15:57:10]   Dedup progress: 18838/18838 processed, 15501 kept, 3337 removed, ETA 0.0 min
[15:57:10]   Clean: 13043, Internal: 2458
[15:57:10] Phase 6: Splitting train/dev...
[15:57:10]   Clean: 11813 train, 1230 dev
[15:57:10]   Internal: 2236 train, 222 dev
[15:57:10] Phase 7: Writing datasets...
