[07:27:41] Initializing components...
[07:27:41] Phase 1: Ingesting real failures...
[07:27:45]   Progress: 100 real failures processed, saving checkpoint...
[07:27:48]   Progress: 200 real failures processed, saving checkpoint...
[07:27:55]   Progress: 300 real failures processed, saving checkpoint...
[07:29:07]   Progress: 400 real failures processed, saving checkpoint...
[07:34:37]   Progress: 500 real failures processed, saving checkpoint...
[07:34:37]   Progress: 600 real failures processed, saving checkpoint...
[07:34:45]   Progress: 700 real failures processed, saving checkpoint...
[07:34:46]   Progress: 800 real failures processed, saving checkpoint...
[07:34:46]   Progress: 900 real failures processed, saving checkpoint...
[07:34:50]   Progress: 1000 real failures processed, saving checkpoint...
[07:34:55]   Progress: 1100 real failures processed, saving checkpoint...
[07:34:55]   Ingested 1126 real failures
[07:34:55]   Saving 1126 real failures to disk...
[07:34:55] Phase 2: Generating synthetic examples...
[07:34:55]   Loaded 0 gold SQL from train set
[07:34:55]   Loaded 1534 gold SQL from dev set
[07:44:45]   Progress: 500 synthetic examples generated, saving checkpoint...
[07:57:50]   Progress: 1000 synthetic examples generated, saving checkpoint...
